<?xml version="1.0" encoding="UTF-8"?>
<!-- Generated by org.testng.reporters.JUnitXMLReporter -->
<testsuite hostname="DESKTOP-A2HUG71" ignored="0" name="testing" tests="7" failures="1" timestamp="08 Sep 2019 16:24:30 GMT" time="122.383" errors="0">
  <testcase name="loginGmail" time="10.503" classname="tests.GmailLoginSuccess"/>
  <testcase name="searchEmailInInbox" time="5.294" classname="tests.SearchEmailInInbox">
    <skipped/>
  </testcase> <!-- searchEmailInInbox -->
  <testcase name="searchEmailInInbox" time="11.086" classname="tests.SearchEmailInInbox"/>
  <testcase name="loginFails" time="10.676" classname="tests.GmailLoginFails"/>
  <testcase name="retryFailedTest" time="9.895" classname="tests.RetryFailedTest">
    <skipped/>
  </testcase> <!-- retryFailedTest -->
  <testcase name="retryFailedTest" time="9.867" classname="tests.RetryFailedTest">
    <skipped/>
  </testcase> <!-- retryFailedTest -->
  <testcase name="retryFailedTest" time="5.392" classname="tests.RetryFailedTest">
    <failure type="org.openqa.selenium.NoSuchElementException" message="Unable to locate element: input[id=&amp;apos;identifierId&amp;apos;]
For documentation on this error, please visit: https://www.seleniumhq.org/exceptions/no_such_element.html
Build info: version: &amp;apos;3.141.59&amp;apos;, revision: &amp;apos;e82be7d358&amp;apos;, time: &amp;apos;2018-11-14T08:17:03&amp;apos;
System info: host: &amp;apos;DESKTOP-A2HUG71&amp;apos;, ip: &amp;apos;192.168.100.9&amp;apos;, os.name: &amp;apos;Windows 10&amp;apos;, os.arch: &amp;apos;x86&amp;apos;, os.version: &amp;apos;10.0&amp;apos;, java.version: &amp;apos;1.8.0_151&amp;apos;
Driver info: org.openqa.selenium.firefox.FirefoxDriver
Capabilities {acceptInsecureCerts: true, browserName: firefox, browserVersion: 68.0.2, javascriptEnabled: true, moz:accessibilityChecks: false, moz:buildID: 20190813150448, moz:geckodriverVersion: 0.24.0, moz:headless: false, moz:processID: 6688, moz:profile: C:\Users\my\AppData\Local\T..., moz:shutdownTimeout: 60000, moz:useNonSpecCompliantPointerOrigin: false, moz:webdriverClick: true, pageLoadStrategy: normal, platform: WINDOWS, platformName: WINDOWS, platformVersion: 10.0, rotatable: false, setWindowRect: true, strictFileInteractability: false, timeouts: {implicit: 0, pageLoad: 300000, script: 30000}, unhandledPromptBehavior: dismiss and notify}
Session ID: abe0546a-5456-4e8e-b49d-52ad084dfac6
*** Element info: {Using=css selector, value=input[id=&amp;apos;identifierId&amp;apos;]}">
      <![CDATA[org.openqa.selenium.NoSuchElementException: Unable to locate element: input[id='identifierId']
For documentation on this error, please visit: https://www.seleniumhq.org/exceptions/no_such_element.html
Build info: version: '3.141.59', revision: 'e82be7d358', time: '2018-11-14T08:17:03'
System info: host: 'DESKTOP-A2HUG71', ip: '192.168.100.9', os.name: 'Windows 10', os.arch: 'x86', os.version: '10.0', java.version: '1.8.0_151'
Driver info: org.openqa.selenium.firefox.FirefoxDriver
Capabilities {acceptInsecureCerts: true, browserName: firefox, browserVersion: 68.0.2, javascriptEnabled: true, moz:accessibilityChecks: false, moz:buildID: 20190813150448, moz:geckodriverVersion: 0.24.0, moz:headless: false, moz:processID: 6688, moz:profile: C:\Users\my\AppData\Local\T..., moz:shutdownTimeout: 60000, moz:useNonSpecCompliantPointerOrigin: false, moz:webdriverClick: true, pageLoadStrategy: normal, platform: WINDOWS, platformName: WINDOWS, platformVersion: 10.0, rotatable: false, setWindowRect: true, strictFileInteractability: false, timeouts: {implicit: 0, pageLoad: 300000, script: 30000}, unhandledPromptBehavior: dismiss and notify}
Session ID: abe0546a-5456-4e8e-b49d-52ad084dfac6
*** Element info: {Using=css selector, value=input[id='identifierId']}
at org.openqa.selenium.remote.http.W3CHttpResponseCodec.createException(W3CHttpResponseCodec.java:187)
at org.openqa.selenium.remote.http.W3CHttpResponseCodec.decode(W3CHttpResponseCodec.java:122)
at org.openqa.selenium.remote.http.W3CHttpResponseCodec.decode(W3CHttpResponseCodec.java:49)
at org.openqa.selenium.remote.HttpCommandExecutor.execute(HttpCommandExecutor.java:158)
at org.openqa.selenium.remote.service.DriverCommandExecutor.execute(DriverCommandExecutor.java:83)
at org.openqa.selenium.remote.RemoteWebDriver.execute(RemoteWebDriver.java:552)
at org.openqa.selenium.remote.RemoteWebDriver.findElement(RemoteWebDriver.java:323)
at org.openqa.selenium.remote.RemoteWebDriver.findElementByCssSelector(RemoteWebDriver.java:420)
at org.openqa.selenium.By$ByCssSelector.findElement(By.java:431)
at org.openqa.selenium.remote.RemoteWebDriver.findElement(RemoteWebDriver.java:315)
at common.PageActions.findWebElement(PageActions.java:37)
at common.PageActions.setText(PageActions.java:31)
at pageobjects.GmailSignInPage.setEmail(GmailSignInPage.java:18)
at pageobjects.GmailSignInPage.Login(GmailSignInPage.java:42)
at tests.RetryFailedTest.retryFailedTest(RetryFailedTest.java:34)
... Removed 29 stack frames]]>
    </failure>
  </testcase> <!-- retryFailedTest -->
</testsuite> <!-- testing -->
