<?xml version="1.0" encoding="UTF-8"?>
<!-- Generated by org.testng.reporters.JUnitXMLReporter -->
<testsuite hostname="DESKTOP-A2HUG71" ignored="0" name="test" tests="1" failures="1" timestamp="01 Sep 2019 08:34:50 GMT" time="0.04" errors="0">
  <testcase name="test" time="0.0" classname="tests.TC_01">
    <failure type="org.testng.TestNGException" message="
Parameter &amp;apos;browser&amp;apos; is required by @Test on method test but has not been marked @Optional or defined
in C:\Users\my\workspace\pomframework\testng.xml">
      <![CDATA[org.testng.TestNGException: 
Parameter 'browser' is required by @Test on method test but has not been marked @Optional or defined
in C:\Users\my\workspace\pomframework\testng.xml
... Removed 24 stack frames]]>
    </failure>
  </testcase> <!-- test -->
</testsuite> <!-- test -->
