<?xml version="1.0" encoding="UTF-8"?>
<!-- Generated by org.testng.reporters.JUnitXMLReporter -->
<testsuite hostname="DESKTOP-A2HUG71" ignored="0" name="loginfails(failed)" tests="4" failures="1" timestamp="08 Sep 2019 12:58:25 GMT" time="133.086" errors="0">
  <testcase name="loginFails" time="39.766" classname="tests.GmailLoginFails">
    <skipped/>
  </testcase> <!-- loginFails -->
  <testcase name="loginFails" time="6.3" classname="tests.GmailLoginFails">
    <skipped/>
  </testcase> <!-- loginFails -->
  <testcase name="loginFails" time="5.057" classname="tests.GmailLoginFails">
    <skipped/>
  </testcase> <!-- loginFails -->
  <testcase name="loginFails" time="5.033" classname="tests.GmailLoginFails">
    <failure type="org.openqa.selenium.NoSuchElementException" message="no such element: Unable to locate element: {&amp;quot;method&amp;quot;:&amp;quot;xpath&amp;quot;,&amp;quot;selector&amp;quot;:&amp;quot;//ul[@class=&amp;apos;h-c-header__cta-list header__nav--ltr&amp;apos;]//a[contains(text(), &amp;apos;Sign in&amp;apos;)]&amp;quot;}
  (Session info: chrome=76.0.3809.132)
For documentation on this error, please visit: https://www.seleniumhq.org/exceptions/no_such_element.html
Build info: version: &amp;apos;3.141.59&amp;apos;, revision: &amp;apos;e82be7d358&amp;apos;, time: &amp;apos;2018-11-14T08:17:03&amp;apos;
System info: host: &amp;apos;DESKTOP-A2HUG71&amp;apos;, ip: &amp;apos;192.168.100.9&amp;apos;, os.name: &amp;apos;Windows 10&amp;apos;, os.arch: &amp;apos;x86&amp;apos;, os.version: &amp;apos;10.0&amp;apos;, java.version: &amp;apos;1.8.0_151&amp;apos;
Driver info: org.openqa.selenium.chrome.ChromeDriver
Capabilities {acceptInsecureCerts: false, browserName: chrome, browserVersion: 76.0.3809.132, chrome: {chromedriverVersion: 76.0.3809.126 (d80a294506b4..., userDataDir: C:\Users\my\AppData\Local\T...}, goog:chromeOptions: {debuggerAddress: localhost:25740}, javascriptEnabled: true, networkConnectionEnabled: false, pageLoadStrategy: normal, platform: XP, platformName: XP, proxy: Proxy(), setWindowRect: true, strictFileInteractability: false, timeouts: {implicit: 0, pageLoad: 300000, script: 30000}, unhandledPromptBehavior: dismiss and notify}
Session ID: 65d387ba11c28aa3f7391ee70203e8d3
*** Element info: {Using=xpath, value=//ul[@class=&amp;apos;h-c-header__cta-list header__nav--ltr&amp;apos;]//a[contains(text(), &amp;apos;Sign in&amp;apos;)]}">
      <![CDATA[org.openqa.selenium.NoSuchElementException: no such element: Unable to locate element: {"method":"xpath","selector":"//ul[@class='h-c-header__cta-list header__nav--ltr']//a[contains(text(), 'Sign in')]"}
  (Session info: chrome=76.0.3809.132)
For documentation on this error, please visit: https://www.seleniumhq.org/exceptions/no_such_element.html
Build info: version: '3.141.59', revision: 'e82be7d358', time: '2018-11-14T08:17:03'
System info: host: 'DESKTOP-A2HUG71', ip: '192.168.100.9', os.name: 'Windows 10', os.arch: 'x86', os.version: '10.0', java.version: '1.8.0_151'
Driver info: org.openqa.selenium.chrome.ChromeDriver
Capabilities {acceptInsecureCerts: false, browserName: chrome, browserVersion: 76.0.3809.132, chrome: {chromedriverVersion: 76.0.3809.126 (d80a294506b4..., userDataDir: C:\Users\my\AppData\Local\T...}, goog:chromeOptions: {debuggerAddress: localhost:25740}, javascriptEnabled: true, networkConnectionEnabled: false, pageLoadStrategy: normal, platform: XP, platformName: XP, proxy: Proxy(), setWindowRect: true, strictFileInteractability: false, timeouts: {implicit: 0, pageLoad: 300000, script: 30000}, unhandledPromptBehavior: dismiss and notify}
Session ID: 65d387ba11c28aa3f7391ee70203e8d3
*** Element info: {Using=xpath, value=//ul[@class='h-c-header__cta-list header__nav--ltr']//a[contains(text(), 'Sign in')]}
at org.openqa.selenium.remote.http.W3CHttpResponseCodec.createException(W3CHttpResponseCodec.java:187)
at org.openqa.selenium.remote.http.W3CHttpResponseCodec.decode(W3CHttpResponseCodec.java:122)
at org.openqa.selenium.remote.http.W3CHttpResponseCodec.decode(W3CHttpResponseCodec.java:49)
at org.openqa.selenium.remote.HttpCommandExecutor.execute(HttpCommandExecutor.java:158)
at org.openqa.selenium.remote.service.DriverCommandExecutor.execute(DriverCommandExecutor.java:83)
at org.openqa.selenium.remote.RemoteWebDriver.execute(RemoteWebDriver.java:552)
at org.openqa.selenium.remote.RemoteWebDriver.findElement(RemoteWebDriver.java:323)
at org.openqa.selenium.remote.RemoteWebDriver.findElementByXPath(RemoteWebDriver.java:428)
at org.openqa.selenium.By$ByXPath.findElement(By.java:353)
at org.openqa.selenium.remote.RemoteWebDriver.findElement(RemoteWebDriver.java:315)
at common.PageActions.findWebElement(PageActions.java:37)
at common.PageActions.clickButton(PageActions.java:24)
at pageobjects.GmailPage.clickSignIn(GmailPage.java:22)
at tests.GmailLoginFails.loginFails(GmailLoginFails.java:28)
... Removed 29 stack frames]]>
    </failure>
  </testcase> <!-- loginFails -->
</testsuite> <!-- loginfails(failed) -->
